{"F:\\New folder\\choice-match-backend\\src\\controllers\\brandController.js": {"path":"F:\\New folder\\choice-match-backend\\src\\controllers\\brandController.js","statementMap":{"0":{"start":{"line":1,"column":20},"end":{"line":1,"column":52}},"1":{"start":{"line":4,"column":20},"end":{"line":17,"column":1}},"2":{"start":{"line":5,"column":16},"end":{"line":8,"column":4}},"3":{"start":{"line":9,"column":2},"end":{"line":16,"column":7}},"4":{"start":{"line":12,"column":6},"end":{"line":12,"column":86}},"5":{"start":{"line":15,"column":6},"end":{"line":15,"column":42}},"6":{"start":{"line":20,"column":22},"end":{"line":27,"column":1}},"7":{"start":{"line":21,"column":2},"end":{"line":26,"column":5}},"8":{"start":{"line":22,"column":4},"end":{"line":24,"column":5}},"9":{"start":{"line":23,"column":6},"end":{"line":23,"column":48}},"10":{"start":{"line":25,"column":4},"end":{"line":25,"column":91}},"11":{"start":{"line":30,"column":20},"end":{"line":46,"column":1}},"12":{"start":{"line":31,"column":21},"end":{"line":40,"column":3}},"13":{"start":{"line":41,"column":2},"end":{"line":45,"column":3}},"14":{"start":{"line":42,"column":4},"end":{"line":42,"column":76}},"15":{"start":{"line":44,"column":4},"end":{"line":44,"column":71}},"16":{"start":{"line":49,"column":20},"end":{"line":56,"column":1}},"17":{"start":{"line":50,"column":21},"end":{"line":50,"column":80}},"18":{"start":{"line":51,"column":2},"end":{"line":55,"column":3}},"19":{"start":{"line":52,"column":4},"end":{"line":52,"column":70}},"20":{"start":{"line":54,"column":4},"end":{"line":54,"column":71}},"21":{"start":{"line":59,"column":22},"end":{"line":74,"column":1}},"22":{"start":{"line":60,"column":2},"end":{"line":73,"column":3}},"23":{"start":{"line":61,"column":27},"end":{"line":61,"column":36}},"24":{"start":{"line":63,"column":18},"end":{"line":63,"column":20}},"25":{"start":{"line":64,"column":4},"end":{"line":66,"column":5}},"26":{"start":{"line":65,"column":6},"end":{"line":65,"column":44}},"27":{"start":{"line":68,"column":4},"end":{"line":70,"column":7}},"28":{"start":{"line":69,"column":6},"end":{"line":69,"column":45}},"29":{"start":{"line":72,"column":4},"end":{"line":72,"column":71}},"30":{"start":{"line":77,"column":23},"end":{"line":85,"column":1}},"31":{"start":{"line":78,"column":2},"end":{"line":84,"column":3}},"32":{"start":{"line":79,"column":4},"end":{"line":81,"column":7}},"33":{"start":{"line":80,"column":6},"end":{"line":80,"column":45}},"34":{"start":{"line":83,"column":4},"end":{"line":83,"column":71}},"35":{"start":{"line":87,"column":0},"end":{"line":94,"column":2}}},"fnMap":{"0":{"name":"(anonymous_0)","decl":{"start":{"line":4,"column":20},"end":{"line":4,"column":21}},"loc":{"start":{"line":4,"column":35},"end":{"line":17,"column":1}},"line":4},"1":{"name":"(anonymous_1)","decl":{"start":{"line":11,"column":10},"end":{"line":11,"column":11}},"loc":{"start":{"line":11,"column":16},"end":{"line":13,"column":5}},"line":11},"2":{"name":"(anonymous_2)","decl":{"start":{"line":14,"column":11},"end":{"line":14,"column":12}},"loc":{"start":{"line":14,"column":20},"end":{"line":16,"column":5}},"line":14},"3":{"name":"(anonymous_3)","decl":{"start":{"line":20,"column":22},"end":{"line":20,"column":23}},"loc":{"start":{"line":20,"column":37},"end":{"line":27,"column":1}},"line":20},"4":{"name":"(anonymous_4)","decl":{"start":{"line":21,"column":51},"end":{"line":21,"column":52}},"loc":{"start":{"line":21,"column":66},"end":{"line":26,"column":3}},"line":21},"5":{"name":"(anonymous_5)","decl":{"start":{"line":30,"column":20},"end":{"line":30,"column":21}},"loc":{"start":{"line":30,"column":41},"end":{"line":46,"column":1}},"line":30},"6":{"name":"(anonymous_6)","decl":{"start":{"line":49,"column":20},"end":{"line":49,"column":21}},"loc":{"start":{"line":49,"column":41},"end":{"line":56,"column":1}},"line":49},"7":{"name":"(anonymous_7)","decl":{"start":{"line":59,"column":22},"end":{"line":59,"column":23}},"loc":{"start":{"line":59,"column":37},"end":{"line":74,"column":1}},"line":59},"8":{"name":"(anonymous_8)","decl":{"start":{"line":68,"column":33},"end":{"line":68,"column":34}},"loc":{"start":{"line":68,"column":45},"end":{"line":70,"column":5}},"line":68},"9":{"name":"(anonymous_9)","decl":{"start":{"line":77,"column":23},"end":{"line":77,"column":24}},"loc":{"start":{"line":77,"column":38},"end":{"line":85,"column":1}},"line":77},"10":{"name":"(anonymous_10)","decl":{"start":{"line":79,"column":38},"end":{"line":79,"column":39}},"loc":{"start":{"line":79,"column":50},"end":{"line":81,"column":5}},"line":79}},"branchMap":{"0":{"loc":{"start":{"line":22,"column":4},"end":{"line":24,"column":5}},"type":"if","locations":[{"start":{"line":22,"column":4},"end":{"line":24,"column":5}},{"start":{},"end":{}}],"line":22},"1":{"loc":{"start":{"line":41,"column":2},"end":{"line":45,"column":3}},"type":"if","locations":[{"start":{"line":41,"column":2},"end":{"line":45,"column":3}},{"start":{"line":43,"column":9},"end":{"line":45,"column":3}}],"line":41},"2":{"loc":{"start":{"line":51,"column":2},"end":{"line":55,"column":3}},"type":"if","locations":[{"start":{"line":51,"column":2},"end":{"line":55,"column":3}},{"start":{"line":53,"column":9},"end":{"line":55,"column":3}}],"line":51},"3":{"loc":{"start":{"line":64,"column":4},"end":{"line":66,"column":5}},"type":"if","locations":[{"start":{"line":64,"column":4},"end":{"line":66,"column":5}},{"start":{},"end":{}}],"line":64}},"s":{"0":2,"1":2,"2":0,"3":0,"4":0,"5":0,"6":2,"7":0,"8":0,"9":0,"10":0,"11":2,"12":2,"13":2,"14":1,"15":1,"16":2,"17":2,"18":2,"19":1,"20":1,"21":2,"22":0,"23":0,"24":0,"25":0,"26":0,"27":0,"28":0,"29":0,"30":2,"31":0,"32":0,"33":0,"34":0,"35":2},"f":{"0":0,"1":0,"2":0,"3":0,"4":0,"5":2,"6":2,"7":0,"8":0,"9":0,"10":0},"b":{"0":[0,0],"1":[1,1],"2":[1,1],"3":[0,0]},"_coverageSchema":"1a1c01bbd47fc00a2c39e90264f33305004495a9","hash":"b7715bc4784308d5abc3a723b60382a915a55040"}
,"F:\\New folder\\choice-match-backend\\src\\controllers\\mainCategoryController.js": {"path":"F:\\New folder\\choice-match-backend\\src\\controllers\\mainCategoryController.js","statementMap":{"0":{"start":{"line":1,"column":27},"end":{"line":1,"column":66}},"1":{"start":{"line":4,"column":27},"end":{"line":17,"column":1}},"2":{"start":{"line":5,"column":23},"end":{"line":8,"column":4}},"3":{"start":{"line":9,"column":2},"end":{"line":16,"column":7}},"4":{"start":{"line":12,"column":6},"end":{"line":12,"column":101}},"5":{"start":{"line":15,"column":6},"end":{"line":15,"column":42}},"6":{"start":{"line":20,"column":29},"end":{"line":27,"column":1}},"7":{"start":{"line":21,"column":2},"end":{"line":26,"column":5}},"8":{"start":{"line":22,"column":4},"end":{"line":24,"column":5}},"9":{"start":{"line":23,"column":6},"end":{"line":23,"column":48}},"10":{"start":{"line":25,"column":4},"end":{"line":25,"column":99}},"11":{"start":{"line":30,"column":27},"end":{"line":46,"column":1}},"12":{"start":{"line":31,"column":21},"end":{"line":40,"column":3}},"13":{"start":{"line":41,"column":2},"end":{"line":45,"column":3}},"14":{"start":{"line":42,"column":4},"end":{"line":42,"column":84}},"15":{"start":{"line":44,"column":4},"end":{"line":44,"column":71}},"16":{"start":{"line":49,"column":27},"end":{"line":56,"column":1}},"17":{"start":{"line":50,"column":21},"end":{"line":50,"column":87}},"18":{"start":{"line":51,"column":2},"end":{"line":55,"column":3}},"19":{"start":{"line":52,"column":4},"end":{"line":52,"column":78}},"20":{"start":{"line":54,"column":4},"end":{"line":54,"column":71}},"21":{"start":{"line":59,"column":30},"end":{"line":74,"column":1}},"22":{"start":{"line":60,"column":2},"end":{"line":73,"column":3}},"23":{"start":{"line":61,"column":27},"end":{"line":61,"column":36}},"24":{"start":{"line":63,"column":18},"end":{"line":63,"column":20}},"25":{"start":{"line":64,"column":4},"end":{"line":66,"column":5}},"26":{"start":{"line":65,"column":6},"end":{"line":65,"column":44}},"27":{"start":{"line":68,"column":4},"end":{"line":70,"column":7}},"28":{"start":{"line":69,"column":6},"end":{"line":69,"column":45}},"29":{"start":{"line":72,"column":4},"end":{"line":72,"column":71}},"30":{"start":{"line":77,"column":30},"end":{"line":85,"column":1}},"31":{"start":{"line":78,"column":2},"end":{"line":84,"column":3}},"32":{"start":{"line":79,"column":4},"end":{"line":81,"column":7}},"33":{"start":{"line":80,"column":6},"end":{"line":80,"column":45}},"34":{"start":{"line":83,"column":4},"end":{"line":83,"column":71}},"35":{"start":{"line":87,"column":0},"end":{"line":94,"column":2}}},"fnMap":{"0":{"name":"(anonymous_0)","decl":{"start":{"line":4,"column":27},"end":{"line":4,"column":28}},"loc":{"start":{"line":4,"column":42},"end":{"line":17,"column":1}},"line":4},"1":{"name":"(anonymous_1)","decl":{"start":{"line":11,"column":10},"end":{"line":11,"column":11}},"loc":{"start":{"line":11,"column":16},"end":{"line":13,"column":5}},"line":11},"2":{"name":"(anonymous_2)","decl":{"start":{"line":14,"column":11},"end":{"line":14,"column":12}},"loc":{"start":{"line":14,"column":20},"end":{"line":16,"column":5}},"line":14},"3":{"name":"(anonymous_3)","decl":{"start":{"line":20,"column":29},"end":{"line":20,"column":30}},"loc":{"start":{"line":20,"column":44},"end":{"line":27,"column":1}},"line":20},"4":{"name":"(anonymous_4)","decl":{"start":{"line":21,"column":58},"end":{"line":21,"column":59}},"loc":{"start":{"line":21,"column":73},"end":{"line":26,"column":3}},"line":21},"5":{"name":"(anonymous_5)","decl":{"start":{"line":30,"column":27},"end":{"line":30,"column":28}},"loc":{"start":{"line":30,"column":48},"end":{"line":46,"column":1}},"line":30},"6":{"name":"(anonymous_6)","decl":{"start":{"line":49,"column":27},"end":{"line":49,"column":28}},"loc":{"start":{"line":49,"column":48},"end":{"line":56,"column":1}},"line":49},"7":{"name":"(anonymous_7)","decl":{"start":{"line":59,"column":30},"end":{"line":59,"column":31}},"loc":{"start":{"line":59,"column":45},"end":{"line":74,"column":1}},"line":59},"8":{"name":"(anonymous_8)","decl":{"start":{"line":68,"column":40},"end":{"line":68,"column":41}},"loc":{"start":{"line":68,"column":52},"end":{"line":70,"column":5}},"line":68},"9":{"name":"(anonymous_9)","decl":{"start":{"line":77,"column":30},"end":{"line":77,"column":31}},"loc":{"start":{"line":77,"column":45},"end":{"line":85,"column":1}},"line":77},"10":{"name":"(anonymous_10)","decl":{"start":{"line":79,"column":45},"end":{"line":79,"column":46}},"loc":{"start":{"line":79,"column":57},"end":{"line":81,"column":5}},"line":79}},"branchMap":{"0":{"loc":{"start":{"line":22,"column":4},"end":{"line":24,"column":5}},"type":"if","locations":[{"start":{"line":22,"column":4},"end":{"line":24,"column":5}},{"start":{},"end":{}}],"line":22},"1":{"loc":{"start":{"line":41,"column":2},"end":{"line":45,"column":3}},"type":"if","locations":[{"start":{"line":41,"column":2},"end":{"line":45,"column":3}},{"start":{"line":43,"column":9},"end":{"line":45,"column":3}}],"line":41},"2":{"loc":{"start":{"line":51,"column":2},"end":{"line":55,"column":3}},"type":"if","locations":[{"start":{"line":51,"column":2},"end":{"line":55,"column":3}},{"start":{"line":53,"column":9},"end":{"line":55,"column":3}}],"line":51},"3":{"loc":{"start":{"line":64,"column":4},"end":{"line":66,"column":5}},"type":"if","locations":[{"start":{"line":64,"column":4},"end":{"line":66,"column":5}},{"start":{},"end":{}}],"line":64}},"s":{"0":2,"1":2,"2":0,"3":0,"4":0,"5":0,"6":2,"7":0,"8":0,"9":0,"10":0,"11":2,"12":2,"13":2,"14":1,"15":1,"16":2,"17":2,"18":2,"19":1,"20":1,"21":2,"22":0,"23":0,"24":0,"25":0,"26":0,"27":0,"28":0,"29":0,"30":2,"31":0,"32":0,"33":0,"34":0,"35":2},"f":{"0":0,"1":0,"2":0,"3":0,"4":0,"5":2,"6":2,"7":0,"8":0,"9":0,"10":0},"b":{"0":[0,0],"1":[1,1],"2":[1,1],"3":[0,0]},"_coverageSchema":"1a1c01bbd47fc00a2c39e90264f33305004495a9","hash":"7cdba86faa65c7ed2a589c1219694467988bdedb"}
,"F:\\New folder\\choice-match-backend\\src\\controllers\\orderController.js": {"path":"F:\\New folder\\choice-match-backend\\src\\controllers\\orderController.js","statementMap":{"0":{"start":{"line":1,"column":20},"end":{"line":1,"column":52}},"1":{"start":{"line":4,"column":20},"end":{"line":28,"column":1}},"2":{"start":{"line":5,"column":2},"end":{"line":5,"column":61}},"3":{"start":{"line":7,"column":16},"end":{"line":19,"column":4}},"4":{"start":{"line":20,"column":2},"end":{"line":27,"column":7}},"5":{"start":{"line":23,"column":6},"end":{"line":23,"column":72}},"6":{"start":{"line":26,"column":6},"end":{"line":26,"column":42}},"7":{"start":{"line":31,"column":22},"end":{"line":38,"column":1}},"8":{"start":{"line":32,"column":2},"end":{"line":37,"column":5}},"9":{"start":{"line":33,"column":4},"end":{"line":35,"column":5}},"10":{"start":{"line":34,"column":6},"end":{"line":34,"column":48}},"11":{"start":{"line":36,"column":4},"end":{"line":36,"column":91}},"12":{"start":{"line":41,"column":20},"end":{"line":56,"column":1}},"13":{"start":{"line":42,"column":21},"end":{"line":50,"column":3}},"14":{"start":{"line":51,"column":2},"end":{"line":55,"column":3}},"15":{"start":{"line":52,"column":4},"end":{"line":52,"column":57}},"16":{"start":{"line":54,"column":4},"end":{"line":54,"column":71}},"17":{"start":{"line":59,"column":20},"end":{"line":66,"column":1}},"18":{"start":{"line":60,"column":21},"end":{"line":60,"column":80}},"19":{"start":{"line":61,"column":2},"end":{"line":65,"column":3}},"20":{"start":{"line":62,"column":4},"end":{"line":62,"column":70}},"21":{"start":{"line":64,"column":4},"end":{"line":64,"column":71}},"22":{"start":{"line":69,"column":22},"end":{"line":84,"column":1}},"23":{"start":{"line":70,"column":2},"end":{"line":83,"column":3}},"24":{"start":{"line":71,"column":27},"end":{"line":71,"column":36}},"25":{"start":{"line":73,"column":18},"end":{"line":73,"column":20}},"26":{"start":{"line":74,"column":4},"end":{"line":76,"column":5}},"27":{"start":{"line":75,"column":6},"end":{"line":75,"column":44}},"28":{"start":{"line":78,"column":4},"end":{"line":80,"column":7}},"29":{"start":{"line":79,"column":6},"end":{"line":79,"column":45}},"30":{"start":{"line":82,"column":4},"end":{"line":82,"column":71}},"31":{"start":{"line":87,"column":23},"end":{"line":95,"column":1}},"32":{"start":{"line":88,"column":2},"end":{"line":94,"column":3}},"33":{"start":{"line":89,"column":4},"end":{"line":91,"column":7}},"34":{"start":{"line":90,"column":6},"end":{"line":90,"column":45}},"35":{"start":{"line":93,"column":4},"end":{"line":93,"column":71}},"36":{"start":{"line":100,"column":15},"end":{"line":100,"column":59}},"37":{"start":{"line":102,"column":22},"end":{"line":130,"column":1}},"38":{"start":{"line":103,"column":32},"end":{"line":103,"column":40}},"39":{"start":{"line":105,"column":20},"end":{"line":115,"column":5}},"40":{"start":{"line":105,"column":45},"end":{"line":115,"column":3}},"41":{"start":{"line":117,"column":2},"end":{"line":129,"column":3}},"42":{"start":{"line":118,"column":20},"end":{"line":124,"column":6}},"43":{"start":{"line":125,"column":4},"end":{"line":125,"column":60}},"44":{"start":{"line":127,"column":4},"end":{"line":127,"column":60}},"45":{"start":{"line":128,"column":4},"end":{"line":128,"column":61}},"46":{"start":{"line":132,"column":0},"end":{"line":140,"column":2}}},"fnMap":{"0":{"name":"(anonymous_0)","decl":{"start":{"line":4,"column":20},"end":{"line":4,"column":21}},"loc":{"start":{"line":4,"column":35},"end":{"line":28,"column":1}},"line":4},"1":{"name":"(anonymous_1)","decl":{"start":{"line":22,"column":10},"end":{"line":22,"column":11}},"loc":{"start":{"line":22,"column":16},"end":{"line":24,"column":5}},"line":22},"2":{"name":"(anonymous_2)","decl":{"start":{"line":25,"column":11},"end":{"line":25,"column":12}},"loc":{"start":{"line":25,"column":20},"end":{"line":27,"column":5}},"line":25},"3":{"name":"(anonymous_3)","decl":{"start":{"line":31,"column":22},"end":{"line":31,"column":23}},"loc":{"start":{"line":31,"column":37},"end":{"line":38,"column":1}},"line":31},"4":{"name":"(anonymous_4)","decl":{"start":{"line":32,"column":51},"end":{"line":32,"column":52}},"loc":{"start":{"line":32,"column":66},"end":{"line":37,"column":3}},"line":32},"5":{"name":"(anonymous_5)","decl":{"start":{"line":41,"column":20},"end":{"line":41,"column":21}},"loc":{"start":{"line":41,"column":41},"end":{"line":56,"column":1}},"line":41},"6":{"name":"(anonymous_6)","decl":{"start":{"line":59,"column":20},"end":{"line":59,"column":21}},"loc":{"start":{"line":59,"column":41},"end":{"line":66,"column":1}},"line":59},"7":{"name":"(anonymous_7)","decl":{"start":{"line":69,"column":22},"end":{"line":69,"column":23}},"loc":{"start":{"line":69,"column":37},"end":{"line":84,"column":1}},"line":69},"8":{"name":"(anonymous_8)","decl":{"start":{"line":78,"column":33},"end":{"line":78,"column":34}},"loc":{"start":{"line":78,"column":45},"end":{"line":80,"column":5}},"line":78},"9":{"name":"(anonymous_9)","decl":{"start":{"line":87,"column":23},"end":{"line":87,"column":24}},"loc":{"start":{"line":87,"column":38},"end":{"line":95,"column":1}},"line":87},"10":{"name":"(anonymous_10)","decl":{"start":{"line":89,"column":38},"end":{"line":89,"column":39}},"loc":{"start":{"line":89,"column":50},"end":{"line":91,"column":5}},"line":89},"11":{"name":"(anonymous_11)","decl":{"start":{"line":102,"column":22},"end":{"line":102,"column":23}},"loc":{"start":{"line":102,"column":42},"end":{"line":130,"column":1}},"line":102},"12":{"name":"(anonymous_12)","decl":{"start":{"line":105,"column":33},"end":{"line":105,"column":34}},"loc":{"start":{"line":105,"column":45},"end":{"line":115,"column":3}},"line":105}},"branchMap":{"0":{"loc":{"start":{"line":18,"column":17},"end":{"line":18,"column":51}},"type":"binary-expr","locations":[{"start":{"line":18,"column":17},"end":{"line":18,"column":37}},{"start":{"line":18,"column":41},"end":{"line":18,"column":51}}],"line":18},"1":{"loc":{"start":{"line":33,"column":4},"end":{"line":35,"column":5}},"type":"if","locations":[{"start":{"line":33,"column":4},"end":{"line":35,"column":5}},{"start":{},"end":{}}],"line":33},"2":{"loc":{"start":{"line":51,"column":2},"end":{"line":55,"column":3}},"type":"if","locations":[{"start":{"line":51,"column":2},"end":{"line":55,"column":3}},{"start":{"line":53,"column":9},"end":{"line":55,"column":3}}],"line":51},"3":{"loc":{"start":{"line":61,"column":2},"end":{"line":65,"column":3}},"type":"if","locations":[{"start":{"line":61,"column":2},"end":{"line":65,"column":3}},{"start":{"line":63,"column":9},"end":{"line":65,"column":3}}],"line":61},"4":{"loc":{"start":{"line":74,"column":4},"end":{"line":76,"column":5}},"type":"if","locations":[{"start":{"line":74,"column":4},"end":{"line":76,"column":5}},{"start":{},"end":{}}],"line":74}},"s":{"0":1,"1":1,"2":0,"3":0,"4":0,"5":0,"6":0,"7":1,"8":0,"9":0,"10":0,"11":0,"12":1,"13":0,"14":0,"15":0,"16":0,"17":1,"18":2,"19":2,"20":1,"21":1,"22":1,"23":0,"24":0,"25":0,"26":0,"27":0,"28":0,"29":0,"30":0,"31":1,"32":0,"33":0,"34":0,"35":0,"36":1,"37":1,"38":0,"39":0,"40":0,"41":0,"42":0,"43":0,"44":0,"45":0,"46":1},"f":{"0":0,"1":0,"2":0,"3":0,"4":0,"5":0,"6":2,"7":0,"8":0,"9":0,"10":0,"11":0,"12":0},"b":{"0":[0,0],"1":[0,0],"2":[0,0],"3":[1,1],"4":[0,0]},"_coverageSchema":"1a1c01bbd47fc00a2c39e90264f33305004495a9","hash":"8b844e441d4f160515b8f3b56a314e7d97d5c172"}
,"F:\\New folder\\choice-match-backend\\src\\controllers\\productController.js": {"path":"F:\\New folder\\choice-match-backend\\src\\controllers\\productController.js","statementMap":{"0":{"start":{"line":1,"column":22},"end":{"line":1,"column":56}},"1":{"start":{"line":4,"column":22},"end":{"line":27,"column":1}},"2":{"start":{"line":5,"column":18},"end":{"line":18,"column":4}},"3":{"start":{"line":19,"column":2},"end":{"line":26,"column":7}},"4":{"start":{"line":22,"column":6},"end":{"line":22,"column":90}},"5":{"start":{"line":25,"column":6},"end":{"line":25,"column":42}},"6":{"start":{"line":30,"column":24},"end":{"line":37,"column":1}},"7":{"start":{"line":31,"column":2},"end":{"line":36,"column":5}},"8":{"start":{"line":32,"column":4},"end":{"line":34,"column":5}},"9":{"start":{"line":33,"column":6},"end":{"line":33,"column":48}},"10":{"start":{"line":35,"column":4},"end":{"line":35,"column":93}},"11":{"start":{"line":40,"column":22},"end":{"line":66,"column":1}},"12":{"start":{"line":41,"column":21},"end":{"line":60,"column":3}},"13":{"start":{"line":61,"column":2},"end":{"line":65,"column":3}},"14":{"start":{"line":62,"column":4},"end":{"line":62,"column":78}},"15":{"start":{"line":64,"column":4},"end":{"line":64,"column":71}},"16":{"start":{"line":69,"column":22},"end":{"line":76,"column":1}},"17":{"start":{"line":70,"column":21},"end":{"line":70,"column":82}},"18":{"start":{"line":71,"column":2},"end":{"line":75,"column":3}},"19":{"start":{"line":72,"column":4},"end":{"line":72,"column":72}},"20":{"start":{"line":74,"column":4},"end":{"line":74,"column":71}},"21":{"start":{"line":79,"column":24},"end":{"line":116,"column":1}},"22":{"start":{"line":80,"column":2},"end":{"line":115,"column":3}},"23":{"start":{"line":81,"column":107},"end":{"line":81,"column":116}},"24":{"start":{"line":83,"column":18},"end":{"line":83,"column":20}},"25":{"start":{"line":84,"column":4},"end":{"line":86,"column":5}},"26":{"start":{"line":85,"column":6},"end":{"line":85,"column":44}},"27":{"start":{"line":87,"column":4},"end":{"line":89,"column":5}},"28":{"start":{"line":88,"column":6},"end":{"line":88,"column":46}},"29":{"start":{"line":90,"column":4},"end":{"line":92,"column":5}},"30":{"start":{"line":91,"column":6},"end":{"line":91,"column":51}},"31":{"start":{"line":93,"column":4},"end":{"line":95,"column":5}},"32":{"start":{"line":94,"column":6},"end":{"line":94,"column":40}},"33":{"start":{"line":96,"column":4},"end":{"line":98,"column":5}},"34":{"start":{"line":97,"column":6},"end":{"line":97,"column":38}},"35":{"start":{"line":99,"column":4},"end":{"line":101,"column":5}},"36":{"start":{"line":100,"column":6},"end":{"line":100,"column":26}},"37":{"start":{"line":102,"column":4},"end":{"line":108,"column":5}},"38":{"start":{"line":103,"column":6},"end":{"line":103,"column":83}},"39":{"start":{"line":104,"column":11},"end":{"line":108,"column":5}},"40":{"start":{"line":105,"column":6},"end":{"line":105,"column":55}},"41":{"start":{"line":106,"column":11},"end":{"line":108,"column":5}},"42":{"start":{"line":107,"column":6},"end":{"line":107,"column":55}},"43":{"start":{"line":110,"column":4},"end":{"line":112,"column":7}},"44":{"start":{"line":111,"column":6},"end":{"line":111,"column":45}},"45":{"start":{"line":114,"column":4},"end":{"line":114,"column":71}},"46":{"start":{"line":119,"column":25},"end":{"line":127,"column":1}},"47":{"start":{"line":120,"column":2},"end":{"line":126,"column":3}},"48":{"start":{"line":121,"column":4},"end":{"line":123,"column":7}},"49":{"start":{"line":122,"column":6},"end":{"line":122,"column":45}},"50":{"start":{"line":125,"column":4},"end":{"line":125,"column":71}},"51":{"start":{"line":130,"column":19},"end":{"line":138,"column":1}},"52":{"start":{"line":131,"column":2},"end":{"line":137,"column":3}},"53":{"start":{"line":132,"column":4},"end":{"line":134,"column":7}},"54":{"start":{"line":133,"column":6},"end":{"line":133,"column":45}},"55":{"start":{"line":136,"column":4},"end":{"line":136,"column":71}},"56":{"start":{"line":141,"column":32},"end":{"line":149,"column":1}},"57":{"start":{"line":142,"column":2},"end":{"line":148,"column":3}},"58":{"start":{"line":143,"column":4},"end":{"line":145,"column":7}},"59":{"start":{"line":144,"column":6},"end":{"line":144,"column":45}},"60":{"start":{"line":147,"column":4},"end":{"line":147,"column":71}},"61":{"start":{"line":151,"column":0},"end":{"line":160,"column":2}}},"fnMap":{"0":{"name":"(anonymous_0)","decl":{"start":{"line":4,"column":22},"end":{"line":4,"column":23}},"loc":{"start":{"line":4,"column":37},"end":{"line":27,"column":1}},"line":4},"1":{"name":"(anonymous_1)","decl":{"start":{"line":21,"column":10},"end":{"line":21,"column":11}},"loc":{"start":{"line":21,"column":16},"end":{"line":23,"column":5}},"line":21},"2":{"name":"(anonymous_2)","decl":{"start":{"line":24,"column":11},"end":{"line":24,"column":12}},"loc":{"start":{"line":24,"column":20},"end":{"line":26,"column":5}},"line":24},"3":{"name":"(anonymous_3)","decl":{"start":{"line":30,"column":24},"end":{"line":30,"column":25}},"loc":{"start":{"line":30,"column":39},"end":{"line":37,"column":1}},"line":30},"4":{"name":"(anonymous_4)","decl":{"start":{"line":31,"column":53},"end":{"line":31,"column":54}},"loc":{"start":{"line":31,"column":68},"end":{"line":36,"column":3}},"line":31},"5":{"name":"(anonymous_5)","decl":{"start":{"line":40,"column":22},"end":{"line":40,"column":23}},"loc":{"start":{"line":40,"column":43},"end":{"line":66,"column":1}},"line":40},"6":{"name":"(anonymous_6)","decl":{"start":{"line":69,"column":22},"end":{"line":69,"column":23}},"loc":{"start":{"line":69,"column":43},"end":{"line":76,"column":1}},"line":69},"7":{"name":"(anonymous_7)","decl":{"start":{"line":79,"column":24},"end":{"line":79,"column":25}},"loc":{"start":{"line":79,"column":39},"end":{"line":116,"column":1}},"line":79},"8":{"name":"(anonymous_8)","decl":{"start":{"line":110,"column":35},"end":{"line":110,"column":36}},"loc":{"start":{"line":110,"column":47},"end":{"line":112,"column":5}},"line":110},"9":{"name":"(anonymous_9)","decl":{"start":{"line":119,"column":25},"end":{"line":119,"column":26}},"loc":{"start":{"line":119,"column":40},"end":{"line":127,"column":1}},"line":119},"10":{"name":"(anonymous_10)","decl":{"start":{"line":121,"column":40},"end":{"line":121,"column":41}},"loc":{"start":{"line":121,"column":52},"end":{"line":123,"column":5}},"line":121},"11":{"name":"(anonymous_11)","decl":{"start":{"line":130,"column":19},"end":{"line":130,"column":20}},"loc":{"start":{"line":130,"column":34},"end":{"line":138,"column":1}},"line":130},"12":{"name":"(anonymous_12)","decl":{"start":{"line":132,"column":56},"end":{"line":132,"column":57}},"loc":{"start":{"line":132,"column":68},"end":{"line":134,"column":5}},"line":132},"13":{"name":"(anonymous_13)","decl":{"start":{"line":141,"column":32},"end":{"line":141,"column":33}},"loc":{"start":{"line":141,"column":47},"end":{"line":149,"column":1}},"line":141},"14":{"name":"(anonymous_14)","decl":{"start":{"line":143,"column":50},"end":{"line":143,"column":51}},"loc":{"start":{"line":143,"column":62},"end":{"line":145,"column":5}},"line":143}},"branchMap":{"0":{"loc":{"start":{"line":32,"column":4},"end":{"line":34,"column":5}},"type":"if","locations":[{"start":{"line":32,"column":4},"end":{"line":34,"column":5}},{"start":{},"end":{}}],"line":32},"1":{"loc":{"start":{"line":61,"column":2},"end":{"line":65,"column":3}},"type":"if","locations":[{"start":{"line":61,"column":2},"end":{"line":65,"column":3}},{"start":{"line":63,"column":9},"end":{"line":65,"column":3}}],"line":61},"2":{"loc":{"start":{"line":71,"column":2},"end":{"line":75,"column":3}},"type":"if","locations":[{"start":{"line":71,"column":2},"end":{"line":75,"column":3}},{"start":{"line":73,"column":9},"end":{"line":75,"column":3}}],"line":71},"3":{"loc":{"start":{"line":84,"column":4},"end":{"line":86,"column":5}},"type":"if","locations":[{"start":{"line":84,"column":4},"end":{"line":86,"column":5}},{"start":{},"end":{}}],"line":84},"4":{"loc":{"start":{"line":87,"column":4},"end":{"line":89,"column":5}},"type":"if","locations":[{"start":{"line":87,"column":4},"end":{"line":89,"column":5}},{"start":{},"end":{}}],"line":87},"5":{"loc":{"start":{"line":90,"column":4},"end":{"line":92,"column":5}},"type":"if","locations":[{"start":{"line":90,"column":4},"end":{"line":92,"column":5}},{"start":{},"end":{}}],"line":90},"6":{"loc":{"start":{"line":93,"column":4},"end":{"line":95,"column":5}},"type":"if","locations":[{"start":{"line":93,"column":4},"end":{"line":95,"column":5}},{"start":{},"end":{}}],"line":93},"7":{"loc":{"start":{"line":96,"column":4},"end":{"line":98,"column":5}},"type":"if","locations":[{"start":{"line":96,"column":4},"end":{"line":98,"column":5}},{"start":{},"end":{}}],"line":96},"8":{"loc":{"start":{"line":99,"column":4},"end":{"line":101,"column":5}},"type":"if","locations":[{"start":{"line":99,"column":4},"end":{"line":101,"column":5}},{"start":{},"end":{}}],"line":99},"9":{"loc":{"start":{"line":102,"column":4},"end":{"line":108,"column":5}},"type":"if","locations":[{"start":{"line":102,"column":4},"end":{"line":108,"column":5}},{"start":{"line":104,"column":11},"end":{"line":108,"column":5}}],"line":102},"10":{"loc":{"start":{"line":102,"column":8},"end":{"line":102,"column":28}},"type":"binary-expr","locations":[{"start":{"line":102,"column":8},"end":{"line":102,"column":16}},{"start":{"line":102,"column":20},"end":{"line":102,"column":28}}],"line":102},"11":{"loc":{"start":{"line":104,"column":11},"end":{"line":108,"column":5}},"type":"if","locations":[{"start":{"line":104,"column":11},"end":{"line":108,"column":5}},{"start":{"line":106,"column":11},"end":{"line":108,"column":5}}],"line":104},"12":{"loc":{"start":{"line":106,"column":11},"end":{"line":108,"column":5}},"type":"if","locations":[{"start":{"line":106,"column":11},"end":{"line":108,"column":5}},{"start":{},"end":{}}],"line":106}},"s":{"0":2,"1":2,"2":0,"3":0,"4":0,"5":0,"6":2,"7":0,"8":0,"9":0,"10":0,"11":2,"12":2,"13":2,"14":1,"15":1,"16":2,"17":2,"18":2,"19":1,"20":1,"21":2,"22":0,"23":0,"24":0,"25":0,"26":0,"27":0,"28":0,"29":0,"30":0,"31":0,"32":0,"33":0,"34":0,"35":0,"36":0,"37":0,"38":0,"39":0,"40":0,"41":0,"42":0,"43":0,"44":0,"45":0,"46":2,"47":0,"48":0,"49":0,"50":0,"51":2,"52":0,"53":0,"54":0,"55":0,"56":2,"57":0,"58":0,"59":0,"60":0,"61":2},"f":{"0":0,"1":0,"2":0,"3":0,"4":0,"5":2,"6":2,"7":0,"8":0,"9":0,"10":0,"11":0,"12":0,"13":0,"14":0},"b":{"0":[0,0],"1":[1,1],"2":[1,1],"3":[0,0],"4":[0,0],"5":[0,0],"6":[0,0],"7":[0,0],"8":[0,0],"9":[0,0],"10":[0,0],"11":[0,0],"12":[0,0]},"_coverageSchema":"1a1c01bbd47fc00a2c39e90264f33305004495a9","hash":"ecba4573b5e178cbe02083512d0a071cc09e6b45"}
,"F:\\New folder\\choice-match-backend\\src\\controllers\\subCategoryController.js": {"path":"F:\\New folder\\choice-match-backend\\src\\controllers\\subCategoryController.js","statementMap":{"0":{"start":{"line":1,"column":26},"end":{"line":1,"column":64}},"1":{"start":{"line":2,"column":27},"end":{"line":2,"column":66}},"2":{"start":{"line":5,"column":26},"end":{"line":19,"column":1}},"3":{"start":{"line":6,"column":22},"end":{"line":10,"column":4}},"4":{"start":{"line":11,"column":2},"end":{"line":18,"column":7}},"5":{"start":{"line":14,"column":6},"end":{"line":14,"column":99}},"6":{"start":{"line":17,"column":6},"end":{"line":17,"column":42}},"7":{"start":{"line":22,"column":28},"end":{"line":29,"column":1}},"8":{"start":{"line":23,"column":2},"end":{"line":28,"column":5}},"9":{"start":{"line":24,"column":4},"end":{"line":26,"column":5}},"10":{"start":{"line":25,"column":6},"end":{"line":25,"column":48}},"11":{"start":{"line":27,"column":4},"end":{"line":27,"column":98}},"12":{"start":{"line":32,"column":26},"end":{"line":49,"column":1}},"13":{"start":{"line":33,"column":21},"end":{"line":43,"column":3}},"14":{"start":{"line":44,"column":2},"end":{"line":48,"column":3}},"15":{"start":{"line":45,"column":4},"end":{"line":45,"column":83}},"16":{"start":{"line":47,"column":4},"end":{"line":47,"column":71}},"17":{"start":{"line":52,"column":26},"end":{"line":59,"column":1}},"18":{"start":{"line":53,"column":21},"end":{"line":53,"column":86}},"19":{"start":{"line":54,"column":2},"end":{"line":58,"column":3}},"20":{"start":{"line":55,"column":4},"end":{"line":55,"column":77}},"21":{"start":{"line":57,"column":4},"end":{"line":57,"column":71}},"22":{"start":{"line":62,"column":29},"end":{"line":73,"column":1}},"23":{"start":{"line":63,"column":2},"end":{"line":72,"column":3}},"24":{"start":{"line":64,"column":4},"end":{"line":69,"column":9}},"25":{"start":{"line":68,"column":8},"end":{"line":68,"column":47}},"26":{"start":{"line":71,"column":4},"end":{"line":71,"column":71}},"27":{"start":{"line":76,"column":29},"end":{"line":84,"column":1}},"28":{"start":{"line":77,"column":2},"end":{"line":83,"column":3}},"29":{"start":{"line":78,"column":4},"end":{"line":80,"column":7}},"30":{"start":{"line":79,"column":6},"end":{"line":79,"column":45}},"31":{"start":{"line":82,"column":4},"end":{"line":82,"column":71}},"32":{"start":{"line":87,"column":31},"end":{"line":102,"column":1}},"33":{"start":{"line":88,"column":2},"end":{"line":101,"column":3}},"34":{"start":{"line":89,"column":29},"end":{"line":89,"column":52}},"35":{"start":{"line":90,"column":25},"end":{"line":90,"column":85}},"36":{"start":{"line":92,"column":4},"end":{"line":94,"column":5}},"37":{"start":{"line":93,"column":6},"end":{"line":93,"column":74}},"38":{"start":{"line":96,"column":26},"end":{"line":96,"column":90}},"39":{"start":{"line":97,"column":4},"end":{"line":97,"column":28}},"40":{"start":{"line":99,"column":4},"end":{"line":99,"column":25}},"41":{"start":{"line":100,"column":4},"end":{"line":100,"column":88}},"42":{"start":{"line":104,"column":0},"end":{"line":112,"column":2}}},"fnMap":{"0":{"name":"(anonymous_0)","decl":{"start":{"line":5,"column":26},"end":{"line":5,"column":27}},"loc":{"start":{"line":5,"column":41},"end":{"line":19,"column":1}},"line":5},"1":{"name":"(anonymous_1)","decl":{"start":{"line":13,"column":10},"end":{"line":13,"column":11}},"loc":{"start":{"line":13,"column":16},"end":{"line":15,"column":5}},"line":13},"2":{"name":"(anonymous_2)","decl":{"start":{"line":16,"column":11},"end":{"line":16,"column":12}},"loc":{"start":{"line":16,"column":20},"end":{"line":18,"column":5}},"line":16},"3":{"name":"(anonymous_3)","decl":{"start":{"line":22,"column":28},"end":{"line":22,"column":29}},"loc":{"start":{"line":22,"column":43},"end":{"line":29,"column":1}},"line":22},"4":{"name":"(anonymous_4)","decl":{"start":{"line":23,"column":57},"end":{"line":23,"column":58}},"loc":{"start":{"line":23,"column":72},"end":{"line":28,"column":3}},"line":23},"5":{"name":"(anonymous_5)","decl":{"start":{"line":32,"column":26},"end":{"line":32,"column":27}},"loc":{"start":{"line":32,"column":47},"end":{"line":49,"column":1}},"line":32},"6":{"name":"(anonymous_6)","decl":{"start":{"line":52,"column":26},"end":{"line":52,"column":27}},"loc":{"start":{"line":52,"column":47},"end":{"line":59,"column":1}},"line":52},"7":{"name":"(anonymous_7)","decl":{"start":{"line":62,"column":29},"end":{"line":62,"column":30}},"loc":{"start":{"line":62,"column":44},"end":{"line":73,"column":1}},"line":62},"8":{"name":"(anonymous_8)","decl":{"start":{"line":67,"column":12},"end":{"line":67,"column":13}},"loc":{"start":{"line":67,"column":24},"end":{"line":69,"column":7}},"line":67},"9":{"name":"(anonymous_9)","decl":{"start":{"line":76,"column":29},"end":{"line":76,"column":30}},"loc":{"start":{"line":76,"column":44},"end":{"line":84,"column":1}},"line":76},"10":{"name":"(anonymous_10)","decl":{"start":{"line":78,"column":44},"end":{"line":78,"column":45}},"loc":{"start":{"line":78,"column":56},"end":{"line":80,"column":5}},"line":78},"11":{"name":"(anonymous_11)","decl":{"start":{"line":87,"column":31},"end":{"line":87,"column":32}},"loc":{"start":{"line":87,"column":51},"end":{"line":102,"column":1}},"line":87}},"branchMap":{"0":{"loc":{"start":{"line":24,"column":4},"end":{"line":26,"column":5}},"type":"if","locations":[{"start":{"line":24,"column":4},"end":{"line":26,"column":5}},{"start":{},"end":{}}],"line":24},"1":{"loc":{"start":{"line":44,"column":2},"end":{"line":48,"column":3}},"type":"if","locations":[{"start":{"line":44,"column":2},"end":{"line":48,"column":3}},{"start":{"line":46,"column":9},"end":{"line":48,"column":3}}],"line":44},"2":{"loc":{"start":{"line":54,"column":2},"end":{"line":58,"column":3}},"type":"if","locations":[{"start":{"line":54,"column":2},"end":{"line":58,"column":3}},{"start":{"line":56,"column":9},"end":{"line":58,"column":3}}],"line":54},"3":{"loc":{"start":{"line":92,"column":4},"end":{"line":94,"column":5}},"type":"if","locations":[{"start":{"line":92,"column":4},"end":{"line":94,"column":5}},{"start":{},"end":{}}],"line":92}},"s":{"0":2,"1":2,"2":2,"3":0,"4":0,"5":0,"6":0,"7":2,"8":0,"9":0,"10":0,"11":0,"12":2,"13":2,"14":2,"15":1,"16":1,"17":2,"18":2,"19":2,"20":1,"21":1,"22":2,"23":0,"24":0,"25":0,"26":0,"27":2,"28":0,"29":0,"30":0,"31":0,"32":2,"33":0,"34":0,"35":0,"36":0,"37":0,"38":0,"39":0,"40":0,"41":0,"42":2},"f":{"0":0,"1":0,"2":0,"3":0,"4":0,"5":2,"6":2,"7":0,"8":0,"9":0,"10":0,"11":0},"b":{"0":[0,0],"1":[1,1],"2":[1,1],"3":[0,0]},"_coverageSchema":"1a1c01bbd47fc00a2c39e90264f33305004495a9","hash":"0477743532add5f9a219ddbb955b9a3660b8ee0d"}
,"F:\\New folder\\choice-match-backend\\src\\controllers\\userController.js": {"path":"F:\\New folder\\choice-match-backend\\src\\controllers\\userController.js","statementMap":{"0":{"start":{"line":1,"column":19},"end":{"line":1,"column":50}},"1":{"start":{"line":2,"column":15},"end":{"line":2,"column":34}},"2":{"start":{"line":3,"column":13},"end":{"line":3,"column":15}},"3":{"start":{"line":4,"column":19},"end":{"line":4,"column":40}},"4":{"start":{"line":5,"column":12},"end":{"line":5,"column":35}},"5":{"start":{"line":6,"column":13},"end":{"line":6,"column":28}},"6":{"start":{"line":7,"column":11},"end":{"line":7,"column":24}},"7":{"start":{"line":8,"column":19},"end":{"line":8,"column":40}},"8":{"start":{"line":11,"column":21},"end":{"line":68,"column":1}},"9":{"start":{"line":12,"column":2},"end":{"line":67,"column":3}},"10":{"start":{"line":13,"column":15},"end":{"line":22,"column":6}},"11":{"start":{"line":24,"column":4},"end":{"line":24,"column":29}},"12":{"start":{"line":26,"column":4},"end":{"line":28,"column":5}},"13":{"start":{"line":27,"column":6},"end":{"line":27,"column":74}},"14":{"start":{"line":31,"column":24},"end":{"line":37,"column":6}},"15":{"start":{"line":39,"column":25},"end":{"line":39,"column":79}},"16":{"start":{"line":40,"column":27},"end":{"line":40,"column":64}},"17":{"start":{"line":41,"column":21},"end":{"line":41,"column":55}},"18":{"start":{"line":43,"column":23},"end":{"line":45,"column":6}},"19":{"start":{"line":47,"column":24},"end":{"line":52,"column":5}},"20":{"start":{"line":54,"column":4},"end":{"line":61,"column":9}},"21":{"start":{"line":57,"column":8},"end":{"line":57,"column":48}},"22":{"start":{"line":60,"column":8},"end":{"line":60,"column":53}},"23":{"start":{"line":63,"column":4},"end":{"line":63,"column":72}},"24":{"start":{"line":65,"column":4},"end":{"line":65,"column":52}},"25":{"start":{"line":66,"column":4},"end":{"line":66,"column":52}},"26":{"start":{"line":71,"column":18},"end":{"line":93,"column":1}},"27":{"start":{"line":72,"column":15},"end":{"line":72,"column":66}},"28":{"start":{"line":73,"column":17},"end":{"line":73,"column":39}},"29":{"start":{"line":74,"column":2},"end":{"line":76,"column":3}},"30":{"start":{"line":75,"column":4},"end":{"line":75,"column":52}},"31":{"start":{"line":78,"column":2},"end":{"line":92,"column":3}},"32":{"start":{"line":79,"column":18},"end":{"line":85,"column":5}},"33":{"start":{"line":86,"column":4},"end":{"line":86,"column":43}},"34":{"start":{"line":87,"column":4},"end":{"line":89,"column":109}},"35":{"start":{"line":91,"column":4},"end":{"line":91,"column":47}},"36":{"start":{"line":96,"column":21},"end":{"line":108,"column":1}},"37":{"start":{"line":97,"column":2},"end":{"line":107,"column":3}},"38":{"start":{"line":98,"column":24},"end":{"line":98,"column":96}},"39":{"start":{"line":100,"column":4},"end":{"line":104,"column":5}},"40":{"start":{"line":101,"column":6},"end":{"line":101,"column":48}},"41":{"start":{"line":103,"column":6},"end":{"line":103,"column":92}},"42":{"start":{"line":106,"column":4},"end":{"line":106,"column":71}},"43":{"start":{"line":111,"column":19},"end":{"line":118,"column":1}},"44":{"start":{"line":112,"column":21},"end":{"line":112,"column":79}},"45":{"start":{"line":113,"column":2},"end":{"line":117,"column":3}},"46":{"start":{"line":114,"column":4},"end":{"line":114,"column":69}},"47":{"start":{"line":116,"column":4},"end":{"line":116,"column":71}},"48":{"start":{"line":121,"column":21},"end":{"line":145,"column":1}},"49":{"start":{"line":122,"column":2},"end":{"line":144,"column":3}},"50":{"start":{"line":123,"column":48},"end":{"line":123,"column":57}},"51":{"start":{"line":124,"column":23},"end":{"line":124,"column":37}},"52":{"start":{"line":125,"column":21},"end":{"line":125,"column":35}},"53":{"start":{"line":127,"column":18},"end":{"line":127,"column":20}},"54":{"start":{"line":128,"column":4},"end":{"line":130,"column":5}},"55":{"start":{"line":129,"column":6},"end":{"line":129,"column":44}},"56":{"start":{"line":132,"column":17},"end":{"line":132,"column":44}},"57":{"start":{"line":134,"column":4},"end":{"line":141,"column":9}},"58":{"start":{"line":140,"column":8},"end":{"line":140,"column":47}},"59":{"start":{"line":143,"column":4},"end":{"line":143,"column":71}},"60":{"start":{"line":148,"column":22},"end":{"line":156,"column":1}},"61":{"start":{"line":149,"column":2},"end":{"line":155,"column":3}},"62":{"start":{"line":150,"column":4},"end":{"line":152,"column":7}},"63":{"start":{"line":151,"column":6},"end":{"line":151,"column":45}},"64":{"start":{"line":154,"column":4},"end":{"line":154,"column":71}},"65":{"start":{"line":158,"column":0},"end":{"line":165,"column":2}}},"fnMap":{"0":{"name":"(anonymous_0)","decl":{"start":{"line":11,"column":21},"end":{"line":11,"column":22}},"loc":{"start":{"line":11,"column":42},"end":{"line":68,"column":1}},"line":11},"1":{"name":"(anonymous_1)","decl":{"start":{"line":56,"column":12},"end":{"line":56,"column":13}},"loc":{"start":{"line":56,"column":18},"end":{"line":58,"column":7}},"line":56},"2":{"name":"(anonymous_2)","decl":{"start":{"line":59,"column":13},"end":{"line":59,"column":14}},"loc":{"start":{"line":59,"column":22},"end":{"line":61,"column":7}},"line":59},"3":{"name":"(anonymous_3)","decl":{"start":{"line":71,"column":18},"end":{"line":71,"column":19}},"loc":{"start":{"line":71,"column":39},"end":{"line":93,"column":1}},"line":71},"4":{"name":"(anonymous_4)","decl":{"start":{"line":96,"column":21},"end":{"line":96,"column":22}},"loc":{"start":{"line":96,"column":42},"end":{"line":108,"column":1}},"line":96},"5":{"name":"(anonymous_5)","decl":{"start":{"line":111,"column":19},"end":{"line":111,"column":20}},"loc":{"start":{"line":111,"column":40},"end":{"line":118,"column":1}},"line":111},"6":{"name":"(anonymous_6)","decl":{"start":{"line":121,"column":21},"end":{"line":121,"column":22}},"loc":{"start":{"line":121,"column":36},"end":{"line":145,"column":1}},"line":121},"7":{"name":"(anonymous_7)","decl":{"start":{"line":139,"column":12},"end":{"line":139,"column":13}},"loc":{"start":{"line":139,"column":24},"end":{"line":141,"column":7}},"line":139},"8":{"name":"(anonymous_8)","decl":{"start":{"line":148,"column":22},"end":{"line":148,"column":23}},"loc":{"start":{"line":148,"column":37},"end":{"line":156,"column":1}},"line":148},"9":{"name":"(anonymous_9)","decl":{"start":{"line":150,"column":37},"end":{"line":150,"column":38}},"loc":{"start":{"line":150,"column":49},"end":{"line":152,"column":5}},"line":150}},"branchMap":{"0":{"loc":{"start":{"line":20,"column":15},"end":{"line":20,"column":40}},"type":"binary-expr","locations":[{"start":{"line":20,"column":15},"end":{"line":20,"column":31}},{"start":{"line":20,"column":35},"end":{"line":20,"column":40}}],"line":20},"1":{"loc":{"start":{"line":21,"column":19},"end":{"line":21,"column":47}},"type":"binary-expr","locations":[{"start":{"line":21,"column":19},"end":{"line":21,"column":39}},{"start":{"line":21,"column":43},"end":{"line":21,"column":47}}],"line":21},"2":{"loc":{"start":{"line":26,"column":4},"end":{"line":28,"column":5}},"type":"if","locations":[{"start":{"line":26,"column":4},"end":{"line":28,"column":5}},{"start":{},"end":{}}],"line":26},"3":{"loc":{"start":{"line":74,"column":2},"end":{"line":76,"column":3}},"type":"if","locations":[{"start":{"line":74,"column":2},"end":{"line":76,"column":3}},{"start":{},"end":{}}],"line":74},"4":{"loc":{"start":{"line":78,"column":2},"end":{"line":92,"column":3}},"type":"if","locations":[{"start":{"line":78,"column":2},"end":{"line":92,"column":3}},{"start":{"line":90,"column":9},"end":{"line":92,"column":3}}],"line":78},"5":{"loc":{"start":{"line":78,"column":6},"end":{"line":78,"column":70}},"type":"binary-expr","locations":[{"start":{"line":78,"column":6},"end":{"line":78,"column":10}},{"start":{"line":78,"column":14},"end":{"line":78,"column":70}}],"line":78},"6":{"loc":{"start":{"line":100,"column":4},"end":{"line":104,"column":5}},"type":"if","locations":[{"start":{"line":100,"column":4},"end":{"line":104,"column":5}},{"start":{"line":102,"column":11},"end":{"line":104,"column":5}}],"line":100},"7":{"loc":{"start":{"line":113,"column":2},"end":{"line":117,"column":3}},"type":"if","locations":[{"start":{"line":113,"column":2},"end":{"line":117,"column":3}},{"start":{"line":115,"column":9},"end":{"line":117,"column":3}}],"line":113},"8":{"loc":{"start":{"line":123,"column":24},"end":{"line":123,"column":32}},"type":"default-arg","locations":[{"start":{"line":123,"column":31},"end":{"line":123,"column":32}}],"line":123},"9":{"loc":{"start":{"line":123,"column":34},"end":{"line":123,"column":43}},"type":"default-arg","locations":[{"start":{"line":123,"column":41},"end":{"line":123,"column":43}}],"line":123},"10":{"loc":{"start":{"line":128,"column":4},"end":{"line":130,"column":5}},"type":"if","locations":[{"start":{"line":128,"column":4},"end":{"line":130,"column":5}},{"start":{},"end":{}}],"line":128}},"s":{"0":5,"1":5,"2":5,"3":5,"4":5,"5":5,"6":5,"7":5,"8":5,"9":2,"10":2,"11":2,"12":1,"13":0,"14":1,"15":1,"16":1,"17":1,"18":1,"19":1,"20":1,"21":1,"22":0,"23":1,"24":1,"25":1,"26":5,"27":3,"28":3,"29":3,"30":1,"31":2,"32":1,"33":1,"34":1,"35":1,"36":5,"37":3,"38":3,"39":2,"40":1,"41":1,"42":1,"43":5,"44":2,"45":2,"46":1,"47":1,"48":5,"49":2,"50":2,"51":2,"52":2,"53":2,"54":2,"55":0,"56":2,"57":2,"58":1,"59":1,"60":5,"61":0,"62":0,"63":0,"64":0,"65":5},"f":{"0":2,"1":1,"2":0,"3":3,"4":3,"5":2,"6":2,"7":1,"8":0,"9":0},"b":{"0":[2,2],"1":[2,0],"2":[0,1],"3":[1,2],"4":[1,1],"5":[2,2],"6":[1,1],"7":[1,1],"8":[0],"9":[0],"10":[0,2]},"_coverageSchema":"1a1c01bbd47fc00a2c39e90264f33305004495a9","hash":"7879a45af480d900c1408e6ab6408191de5044af"}
,"F:\\New folder\\choice-match-backend\\src\\models\\brandSchema.js": {"path":"F:\\New folder\\choice-match-backend\\src\\models\\brandSchema.js","statementMap":{"0":{"start":{"line":1,"column":17},"end":{"line":1,"column":36}},"1":{"start":{"line":3,"column":20},"end":{"line":12,"column":2}},"2":{"start":{"line":14,"column":0},"end":{"line":14,"column":54}}},"fnMap":{},"branchMap":{},"s":{"0":2,"1":2,"2":2},"f":{},"b":{},"_coverageSchema":"1a1c01bbd47fc00a2c39e90264f33305004495a9","hash":"69e35dffe8c55d5451b7d607bf6465e8c8bf0365"}
,"F:\\New folder\\choice-match-backend\\src\\models\\mainCategorySchema.js": {"path":"F:\\New folder\\choice-match-backend\\src\\models\\mainCategorySchema.js","statementMap":{"0":{"start":{"line":1,"column":17},"end":{"line":1,"column":36}},"1":{"start":{"line":3,"column":27},"end":{"line":12,"column":2}},"2":{"start":{"line":14,"column":0},"end":{"line":14,"column":68}}},"fnMap":{},"branchMap":{},"s":{"0":4,"1":4,"2":4},"f":{},"b":{},"_coverageSchema":"1a1c01bbd47fc00a2c39e90264f33305004495a9","hash":"421a503b66fb6a494b87bb972617dce1340568be"}
,"F:\\New folder\\choice-match-backend\\src\\models\\orderSchema.js": {"path":"F:\\New folder\\choice-match-backend\\src\\models\\orderSchema.js","statementMap":{"0":{"start":{"line":1,"column":17},"end":{"line":1,"column":36}},"1":{"start":{"line":3,"column":20},"end":{"line":47,"column":2}},"2":{"start":{"line":49,"column":0},"end":{"line":49,"column":54}}},"fnMap":{},"branchMap":{"0":{"loc":{"start":{"line":17,"column":10},"end":{"line":17,"column":26}},"type":"binary-expr","locations":[{"start":{"line":17,"column":10},"end":{"line":17,"column":16}},{"start":{"line":17,"column":20},"end":{"line":17,"column":26}}],"line":17}},"s":{"0":1,"1":1,"2":1},"f":{},"b":{"0":[1,0]},"_coverageSchema":"1a1c01bbd47fc00a2c39e90264f33305004495a9","hash":"fc398186c2be6ef6b70aed17c4fa32da09c17f12"}
,"F:\\New folder\\choice-match-backend\\src\\models\\productSchema.js": {"path":"F:\\New folder\\choice-match-backend\\src\\models\\productSchema.js","statementMap":{"0":{"start":{"line":1,"column":17},"end":{"line":1,"column":36}},"1":{"start":{"line":3,"column":22},"end":{"line":56,"column":2}},"2":{"start":{"line":54,"column":19},"end":{"line":54,"column":57}},"3":{"start":{"line":58,"column":0},"end":{"line":58,"column":58}}},"fnMap":{"0":{"name":"(anonymous_0)","decl":{"start":{"line":54,"column":13},"end":{"line":54,"column":14}},"loc":{"start":{"line":54,"column":19},"end":{"line":54,"column":57}},"line":54}},"branchMap":{},"s":{"0":2,"1":2,"2":0,"3":2},"f":{"0":0},"b":{},"_coverageSchema":"1a1c01bbd47fc00a2c39e90264f33305004495a9","hash":"f953bcc15b4f641fd16f1f5455db45f0a5d221db"}
,"F:\\New folder\\choice-match-backend\\src\\models\\subCategorySchema.js": {"path":"F:\\New folder\\choice-match-backend\\src\\models\\subCategorySchema.js","statementMap":{"0":{"start":{"line":1,"column":17},"end":{"line":1,"column":36}},"1":{"start":{"line":3,"column":26},"end":{"line":17,"column":2}},"2":{"start":{"line":19,"column":0},"end":{"line":19,"column":66}}},"fnMap":{},"branchMap":{},"s":{"0":2,"1":2,"2":2},"f":{},"b":{},"_coverageSchema":"1a1c01bbd47fc00a2c39e90264f33305004495a9","hash":"eceaa342aba2b12409c991c8b8649467d9a374fb"}
,"F:\\New folder\\choice-match-backend\\src\\models\\userSchema.js": {"path":"F:\\New folder\\choice-match-backend\\src\\models\\userSchema.js","statementMap":{"0":{"start":{"line":1,"column":17},"end":{"line":1,"column":36}},"1":{"start":{"line":3,"column":19},"end":{"line":36,"column":2}},"2":{"start":{"line":38,"column":0},"end":{"line":40,"column":3}},"3":{"start":{"line":39,"column":2},"end":{"line":39,"column":32}},"4":{"start":{"line":42,"column":0},"end":{"line":44,"column":3}},"5":{"start":{"line":46,"column":0},"end":{"line":46,"column":52}}},"fnMap":{"0":{"name":"(anonymous_0)","decl":{"start":{"line":38,"column":29},"end":{"line":38,"column":30}},"loc":{"start":{"line":38,"column":41},"end":{"line":40,"column":1}},"line":38}},"branchMap":{},"s":{"0":5,"1":5,"2":5,"3":0,"4":5,"5":5},"f":{"0":0},"b":{},"_coverageSchema":"1a1c01bbd47fc00a2c39e90264f33305004495a9","hash":"f06ff0efb15f29a5a341e887240dadd31a5549ed"}
}
