TN:
SF:src\controllers\brandController.js
FN:4,(anonymous_0)
FN:11,(anonymous_1)
FN:14,(anonymous_2)
FN:20,(anonymous_3)
FN:21,(anonymous_4)
FN:30,(anonymous_5)
FN:49,(anonymous_6)
FN:59,(anonymous_7)
FN:68,(anonymous_8)
FN:77,(anonymous_9)
FN:79,(anonymous_10)
FNF:11
FNH:2
FNDA:0,(anonymous_0)
FNDA:0,(anonymous_1)
FNDA:0,(anonymous_2)
FNDA:0,(anonymous_3)
FNDA:0,(anonymous_4)
FNDA:2,(anonymous_5)
FNDA:2,(anonymous_6)
FNDA:0,(anonymous_7)
FNDA:0,(anonymous_8)
FNDA:0,(anonymous_9)
FNDA:0,(anonymous_10)
DA:1,2
DA:4,2
DA:5,0
DA:9,0
DA:12,0
DA:15,0
DA:20,2
DA:21,0
DA:22,0
DA:23,0
DA:25,0
DA:30,2
DA:31,2
DA:41,2
DA:42,1
DA:44,1
DA:49,2
DA:50,2
DA:51,2
DA:52,1
DA:54,1
DA:59,2
DA:60,0
DA:61,0
DA:63,0
DA:64,0
DA:65,0
DA:68,0
DA:69,0
DA:72,0
DA:77,2
DA:78,0
DA:79,0
DA:80,0
DA:83,0
DA:87,2
LF:36
LH:16
BRDA:22,0,0,0
BRDA:22,0,1,0
BRDA:41,1,0,1
BRDA:41,1,1,1
BRDA:51,2,0,1
BRDA:51,2,1,1
BRDA:64,3,0,0
BRDA:64,3,1,0
BRF:8
BRH:4
end_of_record
TN:
SF:src\controllers\mainCategoryController.js
FN:4,(anonymous_0)
FN:11,(anonymous_1)
FN:14,(anonymous_2)
FN:20,(anonymous_3)
FN:21,(anonymous_4)
FN:30,(anonymous_5)
FN:49,(anonymous_6)
FN:59,(anonymous_7)
FN:68,(anonymous_8)
FN:77,(anonymous_9)
FN:79,(anonymous_10)
FNF:11
FNH:2
FNDA:0,(anonymous_0)
FNDA:0,(anonymous_1)
FNDA:0,(anonymous_2)
FNDA:0,(anonymous_3)
FNDA:0,(anonymous_4)
FNDA:2,(anonymous_5)
FNDA:2,(anonymous_6)
FNDA:0,(anonymous_7)
FNDA:0,(anonymous_8)
FNDA:0,(anonymous_9)
FNDA:0,(anonymous_10)
DA:1,2
DA:4,2
DA:5,0
DA:9,0
DA:12,0
DA:15,0
DA:20,2
DA:21,0
DA:22,0
DA:23,0
DA:25,0
DA:30,2
DA:31,2
DA:41,2
DA:42,1
DA:44,1
DA:49,2
DA:50,2
DA:51,2
DA:52,1
DA:54,1
DA:59,2
DA:60,0
DA:61,0
DA:63,0
DA:64,0
DA:65,0
DA:68,0
DA:69,0
DA:72,0
DA:77,2
DA:78,0
DA:79,0
DA:80,0
DA:83,0
DA:87,2
LF:36
LH:16
BRDA:22,0,0,0
BRDA:22,0,1,0
BRDA:41,1,0,1
BRDA:41,1,1,1
BRDA:51,2,0,1
BRDA:51,2,1,1
BRDA:64,3,0,0
BRDA:64,3,1,0
BRF:8
BRH:4
end_of_record
TN:
SF:src\controllers\orderController.js
FN:4,(anonymous_0)
FN:22,(anonymous_1)
FN:25,(anonymous_2)
FN:31,(anonymous_3)
FN:32,(anonymous_4)
FN:41,(anonymous_5)
FN:59,(anonymous_6)
FN:69,(anonymous_7)
FN:78,(anonymous_8)
FN:87,(anonymous_9)
FN:89,(anonymous_10)
FN:102,(anonymous_11)
FN:105,(anonymous_12)
FNF:13
FNH:1
FNDA:0,(anonymous_0)
FNDA:0,(anonymous_1)
FNDA:0,(anonymous_2)
FNDA:0,(anonymous_3)
FNDA:0,(anonymous_4)
FNDA:0,(anonymous_5)
FNDA:2,(anonymous_6)
FNDA:0,(anonymous_7)
FNDA:0,(anonymous_8)
FNDA:0,(anonymous_9)
FNDA:0,(anonymous_10)
FNDA:0,(anonymous_11)
FNDA:0,(anonymous_12)
DA:1,1
DA:4,1
DA:5,0
DA:7,0
DA:20,0
DA:23,0
DA:26,0
DA:31,1
DA:32,0
DA:33,0
DA:34,0
DA:36,0
DA:41,1
DA:42,0
DA:51,0
DA:52,0
DA:54,0
DA:59,1
DA:60,2
DA:61,2
DA:62,1
DA:64,1
DA:69,1
DA:70,0
DA:71,0
DA:73,0
DA:74,0
DA:75,0
DA:78,0
DA:79,0
DA:82,0
DA:87,1
DA:88,0
DA:89,0
DA:90,0
DA:93,0
DA:100,1
DA:102,1
DA:103,0
DA:105,0
DA:117,0
DA:118,0
DA:125,0
DA:127,0
DA:128,0
DA:132,1
LF:46
LH:14
BRDA:18,0,0,0
BRDA:18,0,1,0
BRDA:33,1,0,0
BRDA:33,1,1,0
BRDA:51,2,0,0
BRDA:51,2,1,0
BRDA:61,3,0,1
BRDA:61,3,1,1
BRDA:74,4,0,0
BRDA:74,4,1,0
BRF:10
BRH:2
end_of_record
TN:
SF:src\controllers\productController.js
FN:4,(anonymous_0)
FN:21,(anonymous_1)
FN:24,(anonymous_2)
FN:30,(anonymous_3)
FN:31,(anonymous_4)
FN:40,(anonymous_5)
FN:69,(anonymous_6)
FN:79,(anonymous_7)
FN:110,(anonymous_8)
FN:119,(anonymous_9)
FN:121,(anonymous_10)
FN:130,(anonymous_11)
FN:132,(anonymous_12)
FN:141,(anonymous_13)
FN:143,(anonymous_14)
FNF:15
FNH:2
FNDA:0,(anonymous_0)
FNDA:0,(anonymous_1)
FNDA:0,(anonymous_2)
FNDA:0,(anonymous_3)
FNDA:0,(anonymous_4)
FNDA:2,(anonymous_5)
FNDA:2,(anonymous_6)
FNDA:0,(anonymous_7)
FNDA:0,(anonymous_8)
FNDA:0,(anonymous_9)
FNDA:0,(anonymous_10)
FNDA:0,(anonymous_11)
FNDA:0,(anonymous_12)
FNDA:0,(anonymous_13)
FNDA:0,(anonymous_14)
DA:1,2
DA:4,2
DA:5,0
DA:19,0
DA:22,0
DA:25,0
DA:30,2
DA:31,0
DA:32,0
DA:33,0
DA:35,0
DA:40,2
DA:41,2
DA:61,2
DA:62,1
DA:64,1
DA:69,2
DA:70,2
DA:71,2
DA:72,1
DA:74,1
DA:79,2
DA:80,0
DA:81,0
DA:83,0
DA:84,0
DA:85,0
DA:87,0
DA:88,0
DA:90,0
DA:91,0
DA:93,0
DA:94,0
DA:96,0
DA:97,0
DA:99,0
DA:100,0
DA:102,0
DA:103,0
DA:104,0
DA:105,0
DA:106,0
DA:107,0
DA:110,0
DA:111,0
DA:114,0
DA:119,2
DA:120,0
DA:121,0
DA:122,0
DA:125,0
DA:130,2
DA:131,0
DA:132,0
DA:133,0
DA:136,0
DA:141,2
DA:142,0
DA:143,0
DA:144,0
DA:147,0
DA:151,2
LF:62
LH:18
BRDA:32,0,0,0
BRDA:32,0,1,0
BRDA:61,1,0,1
BRDA:61,1,1,1
BRDA:71,2,0,1
BRDA:71,2,1,1
BRDA:84,3,0,0
BRDA:84,3,1,0
BRDA:87,4,0,0
BRDA:87,4,1,0
BRDA:90,5,0,0
BRDA:90,5,1,0
BRDA:93,6,0,0
BRDA:93,6,1,0
BRDA:96,7,0,0
BRDA:96,7,1,0
BRDA:99,8,0,0
BRDA:99,8,1,0
BRDA:102,9,0,0
BRDA:102,9,1,0
BRDA:102,10,0,0
BRDA:102,10,1,0
BRDA:104,11,0,0
BRDA:104,11,1,0
BRDA:106,12,0,0
BRDA:106,12,1,0
BRF:26
BRH:4
end_of_record
TN:
SF:src\controllers\subCategoryController.js
FN:5,(anonymous_0)
FN:13,(anonymous_1)
FN:16,(anonymous_2)
FN:22,(anonymous_3)
FN:23,(anonymous_4)
FN:32,(anonymous_5)
FN:52,(anonymous_6)
FN:62,(anonymous_7)
FN:67,(anonymous_8)
FN:76,(anonymous_9)
FN:78,(anonymous_10)
FN:87,(anonymous_11)
FNF:12
FNH:2
FNDA:0,(anonymous_0)
FNDA:0,(anonymous_1)
FNDA:0,(anonymous_2)
FNDA:0,(anonymous_3)
FNDA:0,(anonymous_4)
FNDA:2,(anonymous_5)
FNDA:2,(anonymous_6)
FNDA:0,(anonymous_7)
FNDA:0,(anonymous_8)
FNDA:0,(anonymous_9)
FNDA:0,(anonymous_10)
FNDA:0,(anonymous_11)
DA:1,2
DA:2,2
DA:5,2
DA:6,0
DA:11,0
DA:14,0
DA:17,0
DA:22,2
DA:23,0
DA:24,0
DA:25,0
DA:27,0
DA:32,2
DA:33,2
DA:44,2
DA:45,1
DA:47,1
DA:52,2
DA:53,2
DA:54,2
DA:55,1
DA:57,1
DA:62,2
DA:63,0
DA:64,0
DA:68,0
DA:71,0
DA:76,2
DA:77,0
DA:78,0
DA:79,0
DA:82,0
DA:87,2
DA:88,0
DA:89,0
DA:90,0
DA:92,0
DA:93,0
DA:96,0
DA:97,0
DA:99,0
DA:100,0
DA:104,2
LF:43
LH:18
BRDA:24,0,0,0
BRDA:24,0,1,0
BRDA:44,1,0,1
BRDA:44,1,1,1
BRDA:54,2,0,1
BRDA:54,2,1,1
BRDA:92,3,0,0
BRDA:92,3,1,0
BRF:8
BRH:4
end_of_record
TN:
SF:src\controllers\userController.js
FN:11,(anonymous_0)
FN:56,(anonymous_1)
FN:59,(anonymous_2)
FN:71,(anonymous_3)
FN:96,(anonymous_4)
FN:111,(anonymous_5)
FN:121,(anonymous_6)
FN:139,(anonymous_7)
FN:148,(anonymous_8)
FN:150,(anonymous_9)
FNF:10
FNH:7
FNDA:2,(anonymous_0)
FNDA:1,(anonymous_1)
FNDA:0,(anonymous_2)
FNDA:3,(anonymous_3)
FNDA:3,(anonymous_4)
FNDA:2,(anonymous_5)
FNDA:2,(anonymous_6)
FNDA:1,(anonymous_7)
FNDA:0,(anonymous_8)
FNDA:0,(anonymous_9)
DA:1,5
DA:2,5
DA:3,5
DA:4,5
DA:5,5
DA:6,5
DA:7,5
DA:8,5
DA:11,5
DA:12,2
DA:13,2
DA:24,2
DA:26,1
DA:27,0
DA:31,1
DA:39,1
DA:40,1
DA:41,1
DA:43,1
DA:47,1
DA:54,1
DA:57,1
DA:60,0
DA:63,1
DA:65,1
DA:66,1
DA:71,5
DA:72,3
DA:73,3
DA:74,3
DA:75,1
DA:78,2
DA:79,1
DA:86,1
DA:87,1
DA:91,1
DA:96,5
DA:97,3
DA:98,3
DA:100,2
DA:101,1
DA:103,1
DA:106,1
DA:111,5
DA:112,2
DA:113,2
DA:114,1
DA:116,1
DA:121,5
DA:122,2
DA:123,2
DA:124,2
DA:125,2
DA:127,2
DA:128,2
DA:129,0
DA:132,2
DA:134,2
DA:140,1
DA:143,1
DA:148,5
DA:149,0
DA:150,0
DA:151,0
DA:154,0
DA:158,5
LF:66
LH:59
BRDA:20,0,0,2
BRDA:20,0,1,2
BRDA:21,1,0,2
BRDA:21,1,1,0
BRDA:26,2,0,0
BRDA:26,2,1,1
BRDA:74,3,0,1
BRDA:74,3,1,2
BRDA:78,4,0,1
BRDA:78,4,1,1
BRDA:78,5,0,2
BRDA:78,5,1,2
BRDA:100,6,0,1
BRDA:100,6,1,1
BRDA:113,7,0,1
BRDA:113,7,1,1
BRDA:123,8,0,0
BRDA:123,9,0,0
BRDA:128,10,0,0
BRDA:128,10,1,2
BRF:20
BRH:15
end_of_record
TN:
SF:src\models\brandSchema.js
FNF:0
FNH:0
DA:1,2
DA:3,2
DA:14,2
LF:3
LH:3
BRF:0
BRH:0
end_of_record
TN:
SF:src\models\mainCategorySchema.js
FNF:0
FNH:0
DA:1,4
DA:3,4
DA:14,4
LF:3
LH:3
BRF:0
BRH:0
end_of_record
TN:
SF:src\models\orderSchema.js
FNF:0
FNH:0
DA:1,1
DA:3,1
DA:49,1
LF:3
LH:3
BRDA:17,0,0,1
BRDA:17,0,1,0
BRF:2
BRH:1
end_of_record
TN:
SF:src\models\productSchema.js
FN:54,(anonymous_0)
FNF:1
FNH:0
FNDA:0,(anonymous_0)
DA:1,2
DA:3,2
DA:54,0
DA:58,2
LF:4
LH:3
BRF:0
BRH:0
end_of_record
TN:
SF:src\models\subCategorySchema.js
FNF:0
FNH:0
DA:1,2
DA:3,2
DA:19,2
LF:3
LH:3
BRF:0
BRH:0
end_of_record
TN:
SF:src\models\userSchema.js
FN:38,(anonymous_0)
FNF:1
FNH:0
FNDA:0,(anonymous_0)
DA:1,5
DA:3,5
DA:38,5
DA:39,0
DA:42,5
DA:46,5
LF:6
LH:5
BRF:0
BRH:0
end_of_record
